<?xml version="1.0" encoding="UTF-8"?>
<!-- Generated by org.testng.reporters.JUnitReportReporter -->
<testsuite skipped="0" hostname="Manab-lenovo-lt" name="testNgsessions.CartLoginTest" tests="3" failures="0" timestamp="18 Jun 2021 13:58:58 GMT" time="2.839" errors="0">
  <testcase name="loginTest" time="0.920" classname="testNgsessions.CartLoginTest"/>
  <testcase name="loginTest" time="0.921" classname="testNgsessions.CartLoginTest"/>
  <testcase name="loginTest" time="0.998" classname="testNgsessions.CartLoginTest"/>
</testsuite> <!-- testNgsessions.CartLoginTest -->
