<?xml version="1.0" encoding="UTF-8"?>
<!-- Generated by org.testng.reporters.JUnitReportReporter -->
<testsuite skipped="0" hostname="Manab-lenovo-lt" name="testNgsessions.OrangeHRMTest" tests="2" failures="0" timestamp="18 Jun 2021 13:58:58 GMT" time="0.170" errors="0">
  <testcase name="logoTest" time="0.162" classname="testNgsessions.OrangeHRMTest"/>
  <testcase name="orangeHRMTitleTest" time="0.008" classname="testNgsessions.OrangeHRMTest"/>
</testsuite> <!-- testNgsessions.OrangeHRMTest -->
