<?xml version="1.0" encoding="UTF-8"?>
<!-- Generated by org.testng.reporters.JUnitReportReporter -->
<testsuite skipped="0" hostname="Manab-lenovo-lt" name="testNgsessions.PriorityConcept" tests="5" failures="0" timestamp="03 Jun 2021 22:31:49 GMT" time="0.013" errors="0">
  <testcase name="b_test" time="0.009" classname="testNgsessions.PriorityConcept"/>
  <testcase name="c_test" time="0.001" classname="testNgsessions.PriorityConcept"/>
  <testcase name="a_test" time="0.000" classname="testNgsessions.PriorityConcept"/>
  <testcase name="d_test" time="0.002" classname="testNgsessions.PriorityConcept"/>
  <testcase name="e_test" time="0.001" classname="testNgsessions.PriorityConcept"/>
</testsuite> <!-- testNgsessions.PriorityConcept -->
