<?xml version="1.0" encoding="UTF-8"?>
<!-- Generated by org.testng.reporters.JUnitReportReporter -->
<testsuite skipped="0" hostname="Manab-lenovo-lt" name="testNgsessions.AmazonTest" tests="2" failures="0" timestamp="18 Jun 2021 13:58:58 GMT" time="5.998" errors="0">
  <testcase name="titleTest" time="2.088" classname="testNgsessions.AmazonTest"/>
  <testcase name="searchTest" time="3.910" classname="testNgsessions.AmazonTest"/>
</testsuite> <!-- testNgsessions.AmazonTest -->
