<?xml version="1.0" encoding="UTF-8"?>
<!-- Generated by org.testng.reporters.JUnitReportReporter -->
<testsuite skipped="0" hostname="Manab-lenovo-lt" name="testNgsessions.TestNGannotations" tests="2" failures="0" timestamp="03 Jun 2021 22:17:12 GMT" time="0.006" errors="0">
  <testcase name="titleTest" time="0.001" classname="testNgsessions.TestNGannotations"/>
  <testcase name="searchTest" time="0.005" classname="testNgsessions.TestNGannotations"/>
</testsuite> <!-- testNgsessions.TestNGannotations -->
